2025-04-16 11:02:23,073 INFO o.a.j.u.JMeterUtils: Setting Locale to en_EN
2025-04-16 11:02:23,092 INFO o.a.j.JMeter: Loading user properties from: /opt/homebrew/Cellar/jmeter/5.6.3/libexec/bin/user.properties
2025-04-16 11:02:23,092 INFO o.a.j.JMeter: Loading system properties from: /opt/homebrew/Cellar/jmeter/5.6.3/libexec/bin/system.properties
2025-04-16 11:02:23,095 INFO o.a.j.JMeter: Copyright (c) 1998-2024 The Apache Software Foundation
2025-04-16 11:02:23,095 INFO o.a.j.JMeter: Version 5.6.3
2025-04-16 11:02:23,095 INFO o.a.j.JMeter: java.version=21.0.6
2025-04-16 11:02:23,095 INFO o.a.j.JMeter: java.vm.name=OpenJDK 64-Bit Server VM
2025-04-16 11:02:23,095 INFO o.a.j.JMeter: os.name=Mac OS X
2025-04-16 11:02:23,095 INFO o.a.j.JMeter: os.arch=aarch64
2025-04-16 11:02:23,095 INFO o.a.j.JMeter: os.version=15.4
2025-04-16 11:02:23,095 INFO o.a.j.JMeter: file.encoding=UTF-8
2025-04-16 11:02:23,095 INFO o.a.j.JMeter: java.awt.headless=null
2025-04-16 11:02:23,095 INFO o.a.j.JMeter: Max memory     =1073741824
2025-04-16 11:02:23,095 INFO o.a.j.JMeter: Available Processors =10
2025-04-16 11:02:23,100 INFO o.a.j.JMeter: Default Locale=English (EN)
2025-04-16 11:02:23,100 INFO o.a.j.JMeter: JMeter  Locale=English (EN)
2025-04-16 11:02:23,100 INFO o.a.j.JMeter: JMeterHome=/opt/homebrew/Cellar/jmeter/5.6.3/libexec
2025-04-16 11:02:23,100 INFO o.a.j.JMeter: user.dir  =/Users/dhanush/Desktop/bruh/blockchain/for v0dev/blockchain
2025-04-16 11:02:23,100 INFO o.a.j.JMeter: PWD       =/Users/dhanush/Desktop/bruh/blockchain/for v0dev/blockchain
2025-04-16 11:02:23,101 INFO o.a.j.JMeter: IP: 127.0.0.1 Name: dhanush.local FullName: localhost
2025-04-16 11:02:23,106 INFO o.a.j.JMeter: Loaded icon properties from org/apache/jmeter/images/icon.properties
2025-04-16 11:02:23,660 INFO o.a.j.JMeterGuiLauncher: Setting LAF to: com.github.weisj.darklaf.DarkLaf:com.github.weisj.darklaf.theme.DarculaTheme
2025-04-16 11:02:24,514 INFO o.a.j.r.ClassFinder: Will scan jar /opt/homebrew/Cellar/jmeter/5.6.3/libexec/lib/ext/jmeter-plugins-manager-1.9.jar with filter ExtendsClassFilter [parents=[interface org.apache.jmeter.gui.action.Command], inner=false, contains=null, notContains=null]. Consider exposing JMeter plugins via META-INF/services, and add JMeter-Skip-Class-Scanning=true manifest attribute so JMeter can skip classfile scanning
2025-04-16 11:02:24,560 INFO o.a.j.r.ClassFinder: Will scan jar /opt/homebrew/Cellar/jmeter/5.6.3/libexec/lib/ext/jmeter-plugins-manager-1.9.jar with filter ExtendsClassFilter [parents=[interface org.apache.jmeter.gui.plugin.MenuCreator], inner=false, contains=null, notContains=null]. Consider exposing JMeter plugins via META-INF/services, and add JMeter-Skip-Class-Scanning=true manifest attribute so JMeter can skip classfile scanning
2025-04-16 11:02:24,612 INFO o.j.r.JARSourceHTTP: Requesting https://jmeter-plugins.org/repo/?installID=mac_os_x-195f088fe5a117de1d066ad8ec1551df-gui
2025-04-16 11:02:27,227 INFO o.j.r.PluginManager: Plugins Status: [jpgc-plugins-manager=1.9, jmeter-core=5.6.3, jmeter-ftp=5.6.3, jmeter-http=5.6.3, jmeter-jdbc=5.6.3, jmeter-jms=5.6.3, jmeter-junit=5.6.3, jmeter-java=5.6.3, jmeter-ldap=5.6.3, jmeter-mail=5.6.3, jmeter-mongodb=5.6.3, jmeter-native=5.6.3, jmeter-tcp=5.6.3, jmeter-components=5.6.3]
2025-04-16 11:02:27,227 INFO o.j.r.PluginManagerMenuItem: Plugins Manager has upgrades: [jpgc-plugins-manager]
